mode: set
go-gin-domain/internal/application/usecase/user/user.go:23.92,28.2 1 1
go-gin-domain/internal/application/usecase/user/user_create.go:11.113,19.2 3 0
go-gin-domain/internal/application/usecase/user/user_delete.go:10.90,12.16 2 0
go-gin-domain/internal/application/usecase/user/user_delete.go:12.16,14.3 1 0
go-gin-domain/internal/application/usecase/user/user_delete.go:17.2,17.17 1 0
go-gin-domain/internal/application/usecase/user/user_delete.go:17.17,21.3 3 0
go-gin-domain/internal/application/usecase/user/user_delete.go:24.2,26.35 2 0
go-gin-domain/internal/application/usecase/user/user_find_all.go:9.81,11.2 1 1
go-gin-domain/internal/application/usecase/user/user_find_by_uid.go:9.93,11.2 1 0
go-gin-domain/internal/application/usecase/user/user_update.go:10.118,12.16 2 0
go-gin-domain/internal/application/usecase/user/user_update.go:12.16,14.3 1 0
go-gin-domain/internal/application/usecase/user/user_update.go:17.2,17.17 1 0
go-gin-domain/internal/application/usecase/user/user_update.go:17.17,21.3 3 0
go-gin-domain/internal/application/usecase/user/user_update.go:24.2,25.16 2 0
go-gin-domain/internal/application/usecase/user/user_update.go:25.16,27.3 1 0
go-gin-domain/internal/application/usecase/user/user_update.go:29.2,29.35 1 0
go-gin-domain/internal/presentation/handler/user/user_handler.go:26.15,30.2 1 1
go-gin-domain/internal/presentation/handler/user/user_handler.go:44.46,50.51 3 0
go-gin-domain/internal/presentation/handler/user/user_handler.go:50.51,56.3 3 0
go-gin-domain/internal/presentation/handler/user/user_handler.go:58.2,59.16 2 0
go-gin-domain/internal/presentation/handler/user/user_handler.go:59.16,65.3 3 0
go-gin-domain/internal/presentation/handler/user/user_handler.go:67.2,67.34 1 0
go-gin-domain/internal/presentation/handler/user/user_handler.go:70.47,75.16 3 1
go-gin-domain/internal/presentation/handler/user/user_handler.go:75.16,81.3 3 0
go-gin-domain/internal/presentation/handler/user/user_handler.go:83.2,83.30 1 1
go-gin-domain/internal/presentation/handler/user/user_handler.go:86.49,92.15 3 0
go-gin-domain/internal/presentation/handler/user/user_handler.go:92.15,98.3 3 0
go-gin-domain/internal/presentation/handler/user/user_handler.go:100.2,101.16 2 0
go-gin-domain/internal/presentation/handler/user/user_handler.go:101.16,107.3 3 0
go-gin-domain/internal/presentation/handler/user/user_handler.go:110.2,110.17 1 0
go-gin-domain/internal/presentation/handler/user/user_handler.go:110.17,113.3 2 0
go-gin-domain/internal/presentation/handler/user/user_handler.go:115.2,115.29 1 0
go-gin-domain/internal/presentation/handler/user/user_handler.go:118.46,124.15 3 0
go-gin-domain/internal/presentation/handler/user/user_handler.go:124.15,130.3 3 0
go-gin-domain/internal/presentation/handler/user/user_handler.go:132.2,133.51 2 0
go-gin-domain/internal/presentation/handler/user/user_handler.go:133.51,139.3 3 0
go-gin-domain/internal/presentation/handler/user/user_handler.go:141.2,142.16 2 0
go-gin-domain/internal/presentation/handler/user/user_handler.go:142.16,148.3 3 0
go-gin-domain/internal/presentation/handler/user/user_handler.go:150.2,150.29 1 0
go-gin-domain/internal/presentation/handler/user/user_handler.go:153.46,159.15 3 0
go-gin-domain/internal/presentation/handler/user/user_handler.go:159.15,165.3 3 0
go-gin-domain/internal/presentation/handler/user/user_handler.go:167.2,168.16 2 0
go-gin-domain/internal/presentation/handler/user/user_handler.go:168.16,174.3 3 0
go-gin-domain/internal/presentation/handler/user/user_handler.go:176.2,176.29 1 0
