mode: set
go-gin-domain/internal/application/usecase/user/user.go:23.92,28.2 1 1
go-gin-domain/internal/application/usecase/user/user_create.go:11.113,19.2 3 0
go-gin-domain/internal/application/usecase/user/user_delete.go:10.90,12.16 2 0
go-gin-domain/internal/application/usecase/user/user_delete.go:12.16,14.3 1 0
go-gin-domain/internal/application/usecase/user/user_delete.go:17.2,17.17 1 0
go-gin-domain/internal/application/usecase/user/user_delete.go:17.17,21.3 3 0
go-gin-domain/internal/application/usecase/user/user_delete.go:24.2,26.35 2 0
go-gin-domain/internal/application/usecase/user/user_find_all.go:9.81,11.2 1 1
go-gin-domain/internal/application/usecase/user/user_find_by_uid.go:9.93,11.2 1 0
go-gin-domain/internal/application/usecase/user/user_update.go:10.118,12.16 2 0
go-gin-domain/internal/application/usecase/user/user_update.go:12.16,14.3 1 0
go-gin-domain/internal/application/usecase/user/user_update.go:17.2,17.17 1 0
go-gin-domain/internal/application/usecase/user/user_update.go:17.17,21.3 3 0
go-gin-domain/internal/application/usecase/user/user_update.go:24.2,25.16 2 0
go-gin-domain/internal/application/usecase/user/user_update.go:25.16,27.3 1 0
go-gin-domain/internal/application/usecase/user/user_update.go:29.2,29.35 1 0
go-gin-domain/internal/presentation/handler/user/user_handler.go:27.15,31.2 1 1
go-gin-domain/internal/presentation/handler/user/user_handler.go:45.46,51.51 3 1
go-gin-domain/internal/presentation/handler/user/user_handler.go:51.51,57.3 3 1
go-gin-domain/internal/presentation/handler/user/user_handler.go:59.2,60.16 2 1
go-gin-domain/internal/presentation/handler/user/user_handler.go:60.16,66.3 3 1
go-gin-domain/internal/presentation/handler/user/user_handler.go:68.2,68.34 1 1
go-gin-domain/internal/presentation/handler/user/user_handler.go:71.47,76.16 3 1
go-gin-domain/internal/presentation/handler/user/user_handler.go:76.16,82.3 3 1
go-gin-domain/internal/presentation/handler/user/user_handler.go:84.2,84.30 1 1
go-gin-domain/internal/presentation/handler/user/user_handler.go:87.49,93.34 3 1
go-gin-domain/internal/presentation/handler/user/user_handler.go:93.34,99.3 3 1
go-gin-domain/internal/presentation/handler/user/user_handler.go:101.2,102.16 2 1
go-gin-domain/internal/presentation/handler/user/user_handler.go:102.16,108.3 3 1
go-gin-domain/internal/presentation/handler/user/user_handler.go:111.2,111.17 1 1
go-gin-domain/internal/presentation/handler/user/user_handler.go:111.17,114.3 2 1
go-gin-domain/internal/presentation/handler/user/user_handler.go:116.2,116.29 1 1
go-gin-domain/internal/presentation/handler/user/user_handler.go:119.46,125.34 3 1
go-gin-domain/internal/presentation/handler/user/user_handler.go:125.34,131.3 3 1
go-gin-domain/internal/presentation/handler/user/user_handler.go:133.2,134.51 2 1
go-gin-domain/internal/presentation/handler/user/user_handler.go:134.51,140.3 3 1
go-gin-domain/internal/presentation/handler/user/user_handler.go:142.2,143.16 2 1
go-gin-domain/internal/presentation/handler/user/user_handler.go:143.16,149.3 3 1
go-gin-domain/internal/presentation/handler/user/user_handler.go:151.2,151.29 1 1
go-gin-domain/internal/presentation/handler/user/user_handler.go:154.46,160.34 3 1
go-gin-domain/internal/presentation/handler/user/user_handler.go:160.34,166.3 3 1
go-gin-domain/internal/presentation/handler/user/user_handler.go:168.2,169.16 2 1
go-gin-domain/internal/presentation/handler/user/user_handler.go:169.16,175.3 3 1
go-gin-domain/internal/presentation/handler/user/user_handler.go:177.2,177.29 1 1
